2025-08-04 05:36:42,577 - Knowledge - INFO - Redis support added with prefix knowledge:b9816yb:
2025-08-04 05:36:42,768 - Knowledge - INFO - load persisted knowledge: begin
2025-08-04 05:36:42,858 - Knowledge - INFO - load persisted knowledge: end
2025-08-04 05:36:42,931 - Knowledge - INFO - load persisted docinfo: begin
2025-08-04 05:36:43,044 - Knowledge - INFO - load persisted docinfo: end
2025-08-04 05:36:43,140 - Knowledge - INFO - worker kw1 created with dedicated MongoDB connection (total: 1)
2025-08-04 05:36:43,256 - Knowledge - INFO - knowledge worker kw1 start
2025-08-04 05:36:43,258 - Knowledge - INFO - worker kw2 created with dedicated MongoDB connection (total: 2)
2025-08-04 05:36:43,355 - Knowledge - INFO - worker kw1 pull /app/data/tataelxsimockapisolutions5451/93243/b9816yb/sample_review/a.py from ingest queue
2025-08-04 05:36:43,436 - Knowledge - INFO - knowledge worker kw2 start
2025-08-04 05:36:43,437 - Knowledge - INFO - worker kw3 created with dedicated MongoDB connection (total: 3)
2025-08-04 05:36:43,580 - Knowledge - INFO - process ingested knowledge for /app/data/tataelxsimockapisolutions5451/93243/b9816yb/sample_review/a.py
2025-08-04 05:36:43,634 - Knowledge - INFO - worker kw2 pull /app/data/tataelxsimockapisolutions5451/93243/b9816yb/sample_review/App.js from ingest queue
2025-08-04 05:36:43,726 - Knowledge - INFO - knowledge worker kw3 start
2025-08-04 05:36:43,810 - Knowledge - INFO - Found code-base-name: https://github.com/Anoop-elxsi/sample_review.git:main
2025-08-04 05:36:43,954 - Knowledge - INFO - process ingested knowledge for /app/data/tataelxsimockapisolutions5451/93243/b9816yb/sample_review/App.js
2025-08-04 05:36:44,018 - Knowledge - INFO - worker kw3 pull /app/data/tataelxsimockapisolutions5451/93243/b9816yb/sample_review/inside/bi.py from ingest queue
2025-08-04 05:36:44,129 - Knowledge - INFO - Found code_base: <app.utils.kg_build.knowledge.KnowledgeCodeBase object at 0x7f3ba7574910>
2025-08-04 05:36:44,220 - Knowledge - INFO - Found code-base-name: https://github.com/Anoop-elxsi/sample_review.git:main
2025-08-04 05:36:44,345 - Knowledge - INFO - process ingested knowledge for /app/data/tataelxsimockapisolutions5451/93243/b9816yb/sample_review/inside/bi.py
2025-08-04 05:36:44,413 - Knowledge - INFO - persist ingested knowledge for /app/data/tataelxsimockapisolutions5451/93243/b9816yb/sample_review/a.py
2025-08-04 05:36:44,534 - Knowledge - INFO - Found code_base: <app.utils.kg_build.knowledge.KnowledgeCodeBase object at 0x7f3ba7574910>
2025-08-04 05:36:44,626 - Knowledge - INFO - Found code-base-name: https://github.com/Anoop-elxsi/sample_review.git:main
2025-08-04 05:36:44,768 - Knowledge - INFO - adding /app/data/tataelxsimockapisolutions5451/93243/b9816yb/sample_review/a.py to ingest queue
2025-08-04 05:36:44,820 - Knowledge - INFO - persist ingested knowledge for /app/data/tataelxsimockapisolutions5451/93243/b9816yb/sample_review/App.js
2025-08-04 05:36:44,917 - Knowledge - INFO - Found code_base: <app.utils.kg_build.knowledge.KnowledgeCodeBase object at 0x7f3ba7574910>
2025-08-04 05:36:45,012 - Knowledge - INFO - worker kw1 pull /app/data/tataelxsimockapisolutions5451/93243/b9816yb/sample_review/a.py from ingest queue
2025-08-04 05:36:45,135 - Knowledge - INFO - adding /app/data/tataelxsimockapisolutions5451/93243/b9816yb/sample_review/App.js to ingest queue
2025-08-04 05:36:45,178 - Knowledge - INFO - persist ingested knowledge for /app/data/tataelxsimockapisolutions5451/93243/b9816yb/sample_review/inside/bi.py
2025-08-04 05:36:45,274 - Knowledge - INFO - Thread kw1 - File a.py - Remaining files in queue: 0
2025-08-04 05:36:45,353 - Knowledge - INFO - worker kw2 pull /app/data/tataelxsimockapisolutions5451/93243/b9816yb/sample_review/App.js from ingest queue
2025-08-04 05:36:45,488 - Knowledge - INFO - adding /app/data/tataelxsimockapisolutions5451/93243/b9816yb/sample_review/inside/bi.py to ingest queue
2025-08-04 05:36:45,519 - Knowledge - INFO - start ingest for /app/data/tataelxsimockapisolutions5451/93243/b9816yb/sample_review/a.py
2025-08-04 05:36:45,638 - Knowledge - INFO - Thread kw2 - File App.js - Remaining files in queue: 0
2025-08-04 05:36:45,715 - Knowledge - INFO - worker kw3 pull /app/data/tataelxsimockapisolutions5451/93243/b9816yb/sample_review/inside/bi.py from ingest queue
2025-08-04 05:36:45,795 - Knowledge - INFO - Fast-track processing for simple file: /app/data/tataelxsimockapisolutions5451/93243/b9816yb/sample_review/a.py
2025-08-04 05:36:45,888 - Knowledge - INFO - start ingest for /app/data/tataelxsimockapisolutions5451/93243/b9816yb/sample_review/App.js
2025-08-04 05:36:45,989 - Knowledge - INFO - Thread kw3 - File bi.py - Remaining files in queue: 0
2025-08-04 05:36:46,099 - Knowledge - INFO - done fast ingest for /app/data/tataelxsimockapisolutions5451/93243/b9816yb/sample_review/a.py
2025-08-04 05:36:46,266 - Knowledge - INFO - start ingest for /app/data/tataelxsimockapisolutions5451/93243/b9816yb/sample_review/inside/bi.py
2025-08-04 05:36:46,376 - Knowledge - INFO - process ingested knowledge for /app/data/tataelxsimockapisolutions5451/93243/b9816yb/sample_review/a.py
2025-08-04 05:36:46,545 - Knowledge - INFO - Found code-base-name: https://github.com/Anoop-elxsi/sample_review.git:main
2025-08-04 05:36:46,655 - Knowledge - INFO - Found code_base: <app.utils.kg_build.knowledge.KnowledgeCodeBase object at 0x7f3ba7574910>
2025-08-04 05:36:46,778 - Knowledge - INFO - persist ingested knowledge for /app/data/tataelxsimockapisolutions5451/93243/b9816yb/sample_review/a.py
2025-08-04 05:37:01,567 - Knowledge - INFO - done ingest for /app/data/tataelxsimockapisolutions5451/93243/b9816yb/sample_review/App.js
2025-08-04 05:37:01,638 - Knowledge - INFO - done ingest for /app/data/tataelxsimockapisolutions5451/93243/b9816yb/sample_review/inside/bi.py
2025-08-04 05:37:01,787 - Knowledge - INFO - process ingested knowledge for /app/data/tataelxsimockapisolutions5451/93243/b9816yb/sample_review/App.js
2025-08-04 05:37:01,869 - Knowledge - INFO - process ingested knowledge for /app/data/tataelxsimockapisolutions5451/93243/b9816yb/sample_review/inside/bi.py
2025-08-04 05:37:01,947 - Knowledge - INFO - Found code-base-name: https://github.com/Anoop-elxsi/sample_review.git:main
2025-08-04 05:37:02,052 - Knowledge - INFO - Found code-base-name: https://github.com/Anoop-elxsi/sample_review.git:main
2025-08-04 05:37:02,159 - Knowledge - INFO - Found code_base: <app.utils.kg_build.knowledge.KnowledgeCodeBase object at 0x7f3ba7574910>
2025-08-04 05:37:02,289 - Knowledge - INFO - Found code_base: <app.utils.kg_build.knowledge.KnowledgeCodeBase object at 0x7f3ba7574910>
2025-08-04 05:37:02,400 - Knowledge - INFO - persist ingested knowledge for /app/data/tataelxsimockapisolutions5451/93243/b9816yb/sample_review/App.js
2025-08-04 05:37:02,540 - Knowledge - INFO - persist ingested knowledge for /app/data/tataelxsimockapisolutions5451/93243/b9816yb/sample_review/inside/bi.py
2025-08-04 05:37:03,132 - Knowledge - INFO - persist search terms embedding for App.js
2025-08-04 05:37:03,806 - Knowledge - INFO - persist search terms embedding for inside/bi.py
2025-08-04 05:37:03,921 - Knowledge - INFO - Knowledge creation complete
2025-08-04 05:37:04,009 - Knowledge - INFO - Updating org costs, total cost: 0.0007616
2025-08-04 05:37:04,609 - Knowledge - INFO - Saving knowledge to Redis...
2025-08-04 05:37:04,735 - Knowledge - INFO - Knowledge saved to Redis successfully
